<?xml version="1.0" encoding="UTF-8"?>
<testsuite name="com.sinensia.demo.DemoProjectApplicationTests" tests="34" skipped="0" failures="0" errors="0" timestamp="2022-02-02T08:27:42" hostname="ubuntu" time="5.013">
  <properties/>
  <testcase name="canAddFloat()" classname="com.sinensia.demo.DemoProjectApplicationTests" time="2.313"/>
  <testcase name="canAddNullA(TestRestTemplate)" classname="com.sinensia.demo.DemoProjectApplicationTests" time="0.134"/>
  <testcase name="canAddNullB(TestRestTemplate)" classname="com.sinensia.demo.DemoProjectApplicationTests" time="0.081"/>
  <testcase name="test multiple input values [1] (a, Hello a!) &quot;a&quot; -&gt; &quot;Hello a!&quot;" classname="com.sinensia.demo.DemoProjectApplicationTests" time="0.105"/>
  <testcase name="test multiple input values [2] (b, Hello b!) &quot;b&quot; -&gt; &quot;Hello b!&quot;" classname="com.sinensia.demo.DemoProjectApplicationTests" time="0.061"/>
  <testcase name="test multiple input values [3] (null, Hello null!) &quot;null&quot; -&gt; &quot;Hello null!&quot;" classname="com.sinensia.demo.DemoProjectApplicationTests" time="0.061"/>
  <testcase name="test multiple input values [4] (, Hello World!) &quot;&quot; -&gt; &quot;Hello World!&quot;" classname="com.sinensia.demo.DemoProjectApplicationTests" time="0.037"/>
  <testcase name="test multiple input values [5] ( , Hello  !) &quot; &quot; -&gt; &quot;Hello  !&quot;" classname="com.sinensia.demo.DemoProjectApplicationTests" time="0.05"/>
  <testcase name="test multiple input values [6] (first+last, Hello first last!) &quot;first+last&quot; -&gt; &quot;Hello first last!&quot;" classname="com.sinensia.demo.DemoProjectApplicationTests" time="0.039"/>
  <testcase name="canAdd(TestRestTemplate)" classname="com.sinensia.demo.DemoProjectApplicationTests" time="0.05"/>
  <testcase name="canAddFraction(TestRestTemplate)" classname="com.sinensia.demo.DemoProjectApplicationTests" time="0.058"/>
  <testcase name="helloTestName(TestRestTemplate)" classname="com.sinensia.demo.DemoProjectApplicationTests" time="0.059"/>
  <testcase name="rootTest(TestRestTemplate)" classname="com.sinensia.demo.DemoProjectApplicationTests" time="0.063"/>
  <testcase name="multiple additions [1] 1 + 2 = 3" classname="com.sinensia.demo.DemoProjectApplicationTests" time="0.132"/>
  <testcase name="multiple additions [2] 1 + 1 = 2" classname="com.sinensia.demo.DemoProjectApplicationTests" time="0.03"/>
  <testcase name="multiple additions [3] 1.0 + 1.0 = 2" classname="com.sinensia.demo.DemoProjectApplicationTests" time="0.065"/>
  <testcase name="multiple additions [4] 1 + -2 = -1" classname="com.sinensia.demo.DemoProjectApplicationTests" time="0.042"/>
  <testcase name="multiple additions [5] 1.5 + 2 = 3.5" classname="com.sinensia.demo.DemoProjectApplicationTests" time="0.056"/>
  <testcase name="multiple additions [6]  + 2 = 2" classname="com.sinensia.demo.DemoProjectApplicationTests" time="0.04"/>
  <testcase name="multiple additions [7] 1.5 + 1.5 = 3" classname="com.sinensia.demo.DemoProjectApplicationTests" time="0.04"/>
  <testcase name="helloTestDefault(TestRestTemplate)" classname="com.sinensia.demo.DemoProjectApplicationTests" time="0.045"/>
  <testcase name="canAddExceptionJsonString()" classname="com.sinensia.demo.DemoProjectApplicationTests" time="0.195"/>
  <testcase name="contextLoads()" classname="com.sinensia.demo.DemoProjectApplicationTests" time="0.011"/>
  <testcase name="canAddFloatException()" classname="com.sinensia.demo.DemoProjectApplicationTests" time="0.061"/>
  <testcase name="canAddMultiple(TestRestTemplate)" classname="com.sinensia.demo.DemoProjectApplicationTests" time="0.119"/>
  <testcase name="canAddNegative(TestRestTemplate)" classname="com.sinensia.demo.DemoProjectApplicationTests" time="0.038"/>
  <testcase name="canAddZero(TestRestTemplate)" classname="com.sinensia.demo.DemoProjectApplicationTests" time="0.03"/>
  <testcase name="multiple additions [1] 1 + 2 = 3" classname="com.sinensia.demo.DemoProjectApplicationTests" time="0.054"/>
  <testcase name="multiple additions [2] 1 + 1 = 2" classname="com.sinensia.demo.DemoProjectApplicationTests" time="0.05"/>
  <testcase name="multiple additions [3] 1.0 + 1.0 = 2" classname="com.sinensia.demo.DemoProjectApplicationTests" time="0.039"/>
  <testcase name="multiple additions [4] 1 + -2 = -1" classname="com.sinensia.demo.DemoProjectApplicationTests" time="0.041"/>
  <testcase name="multiple additions [5] 1.5 + 2 = 3.5" classname="com.sinensia.demo.DemoProjectApplicationTests" time="0.068"/>
  <testcase name="multiple additions [6]  + 2 = 2" classname="com.sinensia.demo.DemoProjectApplicationTests" time="0.027"/>
  <testcase name="multiple additions [7] 1.5 + 1.5 = 3" classname="com.sinensia.demo.DemoProjectApplicationTests" time="0.087"/>
  <system-out><![CDATA[09:27:28.892 [Test worker] DEBUG org.springframework.test.context.BootstrapUtils - Instantiating CacheAwareContextLoaderDelegate from class [org.springframework.test.context.cache.DefaultCacheAwareContextLoaderDelegate]
09:27:29.021 [Test worker] DEBUG org.springframework.test.context.BootstrapUtils - Instantiating BootstrapContext using constructor [public org.springframework.test.context.support.DefaultBootstrapContext(java.lang.Class,org.springframework.test.context.CacheAwareContextLoaderDelegate)]
09:27:29.535 [Test worker] DEBUG org.springframework.test.context.BootstrapUtils - Instantiating TestContextBootstrapper for test class [com.sinensia.demo.DemoProjectApplicationTests] from class [org.springframework.boot.test.context.SpringBootTestContextBootstrapper]
09:27:29.787 [Test worker] INFO org.springframework.boot.test.context.SpringBootTestContextBootstrapper - Neither @ContextConfiguration nor @ContextHierarchy found for test class [com.sinensia.demo.DemoProjectApplicationTests], using SpringBootContextLoader
09:27:29.858 [Test worker] DEBUG org.springframework.test.context.support.AbstractContextLoader - Did not detect default resource location for test class [com.sinensia.demo.DemoProjectApplicationTests]: class path resource [com/sinensia/demo/DemoProjectApplicationTests-context.xml] does not exist
09:27:29.860 [Test worker] DEBUG org.springframework.test.context.support.AbstractContextLoader - Did not detect default resource location for test class [com.sinensia.demo.DemoProjectApplicationTests]: class path resource [com/sinensia/demo/DemoProjectApplicationTestsContext.groovy] does not exist
09:27:29.867 [Test worker] INFO org.springframework.test.context.support.AbstractContextLoader - Could not detect default resource locations for test class [com.sinensia.demo.DemoProjectApplicationTests]: no resource found for suffixes {-context.xml, Context.groovy}.
09:27:29.880 [Test worker] DEBUG org.springframework.test.context.support.AnnotationConfigContextLoaderUtils - Ignoring class [com.sinensia.demo.DemoProjectApplicationTests$DivideTests]; it must be static, non-private, non-final, and annotated with @Configuration to be considered a default configuration class.
09:27:29.884 [Test worker] DEBUG org.springframework.test.context.support.AnnotationConfigContextLoaderUtils - Ignoring class [com.sinensia.demo.DemoProjectApplicationTests$MultiplicationTests]; it must be static, non-private, non-final, and annotated with @Configuration to be considered a default configuration class.
09:27:29.885 [Test worker] DEBUG org.springframework.test.context.support.AnnotationConfigContextLoaderUtils - Ignoring class [com.sinensia.demo.DemoProjectApplicationTests$AppTests]; it must be static, non-private, non-final, and annotated with @Configuration to be considered a default configuration class.
09:27:29.894 [Test worker] INFO org.springframework.test.context.support.AnnotationConfigContextLoaderUtils - Could not detect default configuration classes for test class [com.sinensia.demo.DemoProjectApplicationTests]: DemoProjectApplicationTests does not declare any static, non-private, non-final, nested classes annotated with @Configuration.
09:27:30.894 [Test worker] DEBUG org.springframework.test.context.support.ActiveProfilesUtils - Could not find an 'annotation declaring class' for annotation type [org.springframework.test.context.ActiveProfiles] and class [com.sinensia.demo.DemoProjectApplicationTests]
09:27:31.690 [Test worker] DEBUG org.springframework.context.annotation.ClassPathScanningCandidateComponentProvider - Identified candidate component class: file [/home/gftadmin/hello-spring/build/classes/java/main/com/sinensia/demo/DemoProjectApplication.class]
09:27:31.714 [Test worker] INFO org.springframework.boot.test.context.SpringBootTestContextBootstrapper - Found @SpringBootConfiguration com.sinensia.demo.DemoProjectApplication for test class com.sinensia.demo.DemoProjectApplicationTests
09:27:32.339 [Test worker] DEBUG org.springframework.boot.test.context.SpringBootTestContextBootstrapper - @TestExecutionListeners is not present for class [com.sinensia.demo.DemoProjectApplicationTests]: using defaults.
09:27:32.348 [Test worker] INFO org.springframework.boot.test.context.SpringBootTestContextBootstrapper - Loaded default TestExecutionListener class names from location [META-INF/spring.factories]: [org.springframework.boot.test.autoconfigure.restdocs.RestDocsTestExecutionListener, org.springframework.boot.test.autoconfigure.web.client.MockRestServiceServerResetTestExecutionListener, org.springframework.boot.test.autoconfigure.web.servlet.MockMvcPrintOnlyOnFailureTestExecutionListener, org.springframework.boot.test.autoconfigure.web.servlet.WebDriverTestExecutionListener, org.springframework.boot.test.autoconfigure.webservices.client.MockWebServiceServerTestExecutionListener, org.springframework.boot.test.mock.mockito.MockitoTestExecutionListener, org.springframework.boot.test.mock.mockito.ResetMocksTestExecutionListener, org.springframework.test.context.web.ServletTestExecutionListener, org.springframework.test.context.support.DirtiesContextBeforeModesTestExecutionListener, org.springframework.test.context.event.ApplicationEventsTestExecutionListener, org.springframework.test.context.support.DependencyInjectionTestExecutionListener, org.springframework.test.context.support.DirtiesContextTestExecutionListener, org.springframework.test.context.transaction.TransactionalTestExecutionListener, org.springframework.test.context.jdbc.SqlScriptsTestExecutionListener, org.springframework.test.context.event.EventPublishingTestExecutionListener]
09:27:32.417 [Test worker] DEBUG org.springframework.boot.test.context.SpringBootTestContextBootstrapper - Skipping candidate TestExecutionListener [org.springframework.test.context.transaction.TransactionalTestExecutionListener] due to a missing dependency. Specify custom listener classes or make the default listener classes and their required dependencies available. Offending class: [org/springframework/transaction/interceptor/TransactionAttributeSource]
09:27:32.420 [Test worker] DEBUG org.springframework.boot.test.context.SpringBootTestContextBootstrapper - Skipping candidate TestExecutionListener [org.springframework.test.context.jdbc.SqlScriptsTestExecutionListener] due to a missing dependency. Specify custom listener classes or make the default listener classes and their required dependencies available. Offending class: [org/springframework/transaction/interceptor/TransactionAttribute]
09:27:32.425 [Test worker] INFO org.springframework.boot.test.context.SpringBootTestContextBootstrapper - Using TestExecutionListeners: [org.springframework.test.context.web.ServletTestExecutionListener@19677add, org.springframework.test.context.support.DirtiesContextBeforeModesTestExecutionListener@b548f51, org.springframework.test.context.event.ApplicationEventsTestExecutionListener@71f4aeb6, org.springframework.boot.test.mock.mockito.MockitoTestExecutionListener@56976b8b, org.springframework.boot.test.autoconfigure.SpringBootDependencyInjectionTestExecutionListener@74844216, org.springframework.test.context.support.DirtiesContextTestExecutionListener@5b0575d0, org.springframework.test.context.event.EventPublishingTestExecutionListener@fd0e118, org.springframework.boot.test.autoconfigure.restdocs.RestDocsTestExecutionListener@62f6185a, org.springframework.boot.test.autoconfigure.web.client.MockRestServiceServerResetTestExecutionListener@34b462e0, org.springframework.boot.test.autoconfigure.web.servlet.MockMvcPrintOnlyOnFailureTestExecutionListener@446f3a53, org.springframework.boot.test.autoconfigure.web.servlet.WebDriverTestExecutionListener@4c3fcbe7, org.springframework.boot.test.autoconfigure.webservices.client.MockWebServiceServerTestExecutionListener@1e592ef2, org.springframework.boot.test.mock.mockito.ResetMocksTestExecutionListener@96dfcbb]
09:27:32.450 [Test worker] DEBUG org.springframework.test.context.support.AbstractDirtiesContextTestExecutionListener - Before test class: context [DefaultTestContext@39840986 testClass = DemoProjectApplicationTests, testInstance = [null], testMethod = [null], testException = [null], mergedContextConfiguration = [WebMergedContextConfiguration@141229f6 testClass = DemoProjectApplicationTests, locations = '{}', classes = '{class com.sinensia.demo.DemoProjectApplication}', contextInitializerClasses = '[]', activeProfiles = '{}', propertySourceLocations = '{}', propertySourceProperties = '{org.springframework.boot.test.context.SpringBootTestContextBootstrapper=true, server.port=0}', contextCustomizers = set[org.springframework.boot.test.autoconfigure.actuate.metrics.MetricsExportContextCustomizerFactory$DisableMetricExportContextCustomizer@28daf506, org.springframework.boot.test.autoconfigure.properties.PropertyMappingContextCustomizer@ec54a5c9, org.springframework.boot.test.autoconfigure.web.servlet.WebDriverContextCustomizerFactory$Customizer@20ffb8d5, [ImportsContextCustomizer@723b8eff key = [org.springframework.boot.autoconfigure.security.oauth2.client.reactive.ReactiveOAuth2ClientAutoConfiguration, org.springframework.boot.autoconfigure.security.oauth2.resource.reactive.ReactiveOAuth2ResourceServerAutoConfiguration, org.springframework.boot.autoconfigure.security.reactive.ReactiveSecurityAutoConfiguration, org.springframework.boot.autoconfigure.security.reactive.ReactiveUserDetailsServiceAutoConfiguration, org.springframework.boot.test.autoconfigure.web.reactive.WebTestClientAutoConfiguration]], org.springframework.boot.test.context.filter.ExcludeFilterContextCustomizer@3a45afd4, org.springframework.boot.test.json.DuplicateJsonObjectContextCustomizerFactory$DuplicateJsonObjectContextCustomizer@1c7cd434, org.springframework.boot.test.mock.mockito.MockitoContextCustomizer@0, org.springframework.boot.test.web.client.TestRestTemplateContextCustomizer@6775c0d1, org.springframework.boot.test.context.SpringBootTestArgs@1, org.springframework.boot.test.context.SpringBootTestWebEnvironment@2b61a019], resourceBasePath = 'src/main/webapp', contextLoader = 'org.springframework.boot.test.context.SpringBootContextLoader', parent = [null]], attributes = map['org.springframework.test.context.web.ServletTestExecutionListener.activateListener' -> false]], class annotated with @DirtiesContext [false] with mode [null].
09:27:32.527 [Test worker] DEBUG org.springframework.test.context.support.DependencyInjectionTestExecutionListener - Performing dependency injection for test context [[DefaultTestContext@39840986 testClass = DemoProjectApplicationTests, testInstance = com.sinensia.demo.DemoProjectApplicationTests@3487947c, testMethod = [null], testException = [null], mergedContextConfiguration = [WebMergedContextConfiguration@141229f6 testClass = DemoProjectApplicationTests, locations = '{}', classes = '{class com.sinensia.demo.DemoProjectApplication}', contextInitializerClasses = '[]', activeProfiles = '{}', propertySourceLocations = '{}', propertySourceProperties = '{org.springframework.boot.test.context.SpringBootTestContextBootstrapper=true, server.port=0}', contextCustomizers = set[org.springframework.boot.test.autoconfigure.actuate.metrics.MetricsExportContextCustomizerFactory$DisableMetricExportContextCustomizer@28daf506, org.springframework.boot.test.autoconfigure.properties.PropertyMappingContextCustomizer@ec54a5c9, org.springframework.boot.test.autoconfigure.web.servlet.WebDriverContextCustomizerFactory$Customizer@20ffb8d5, [ImportsContextCustomizer@723b8eff key = [org.springframework.boot.autoconfigure.security.oauth2.client.reactive.ReactiveOAuth2ClientAutoConfiguration, org.springframework.boot.autoconfigure.security.oauth2.resource.reactive.ReactiveOAuth2ResourceServerAutoConfiguration, org.springframework.boot.autoconfigure.security.reactive.ReactiveSecurityAutoConfiguration, org.springframework.boot.autoconfigure.security.reactive.ReactiveUserDetailsServiceAutoConfiguration, org.springframework.boot.test.autoconfigure.web.reactive.WebTestClientAutoConfiguration]], org.springframework.boot.test.context.filter.ExcludeFilterContextCustomizer@3a45afd4, org.springframework.boot.test.json.DuplicateJsonObjectContextCustomizerFactory$DuplicateJsonObjectContextCustomizer@1c7cd434, org.springframework.boot.test.mock.mockito.MockitoContextCustomizer@0, org.springframework.boot.test.web.client.TestRestTemplateContextCustomizer@6775c0d1, org.springframework.boot.test.context.SpringBootTestArgs@1, org.springframework.boot.test.context.SpringBootTestWebEnvironment@2b61a019], resourceBasePath = 'src/main/webapp', contextLoader = 'org.springframework.boot.test.context.SpringBootContextLoader', parent = [null]], attributes = map['org.springframework.test.context.web.ServletTestExecutionListener.activateListener' -> false, 'org.springframework.test.context.event.ApplicationEventsTestExecutionListener.recordApplicationEvents' -> false]]].

  .   ____          _            __ _ _
 /\\ / ___'_ __ _ _(_)_ __  __ _ \ \ \ \
( ( )\___ | '_ | '_| | '_ \/ _` | \ \ \ \
 \\/  ___)| |_)| | | | | || (_| |  ) ) ) )
  '  |____| .__|_| |_|_| |_\__, | / / / /
 =========|_|==============|___/=/_/_/_/
 :: Spring Boot ::                (v2.6.3)

2022-02-02 09:27:34.578  INFO 5216 --- [    Test worker] c.s.demo.DemoProjectApplicationTests     : Starting DemoProjectApplicationTests using Java 11.0.13 on ubuntu with PID 5216 (started by gftadmin in /home/gftadmin/hello-spring)
2022-02-02 09:27:34.581  INFO 5216 --- [    Test worker] c.s.demo.DemoProjectApplicationTests     : No active profile set, falling back to default profiles: default
2022-02-02 09:27:40.024  INFO 5216 --- [    Test worker] o.s.b.w.embedded.tomcat.TomcatWebServer  : Tomcat initialized with port(s): 0 (http)
2022-02-02 09:27:40.077  INFO 5216 --- [    Test worker] o.apache.catalina.core.StandardService   : Starting service [Tomcat]
2022-02-02 09:27:40.081  INFO 5216 --- [    Test worker] org.apache.catalina.core.StandardEngine  : Starting Servlet engine: [Apache Tomcat/9.0.56]
2022-02-02 09:27:40.444  INFO 5216 --- [    Test worker] o.a.c.c.C.[Tomcat].[localhost].[/]       : Initializing Spring embedded WebApplicationContext
2022-02-02 09:27:40.451  INFO 5216 --- [    Test worker] w.s.c.ServletWebServerApplicationContext : Root WebApplicationContext: initialization completed in 5772 ms
2022-02-02 09:27:42.604  INFO 5216 --- [    Test worker] o.s.b.w.embedded.tomcat.TomcatWebServer  : Tomcat started on port(s): 36755 (http) with context path ''
2022-02-02 09:27:42.648  INFO 5216 --- [    Test worker] c.s.demo.DemoProjectApplicationTests     : Started DemoProjectApplicationTests in 9.954 seconds (JVM running for 18.284)
2022-02-02 09:27:44.268  INFO 5216 --- [o-auto-1-exec-1] o.a.c.c.C.[Tomcat].[localhost].[/]       : Initializing Spring DispatcherServlet 'dispatcherServlet'
2022-02-02 09:27:44.271  INFO 5216 --- [o-auto-1-exec-1] o.s.web.servlet.DispatcherServlet        : Initializing Servlet 'dispatcherServlet'
2022-02-02 09:27:44.275  INFO 5216 --- [o-auto-1-exec-1] o.s.web.servlet.DispatcherServlet        : Completed initialization in 3 ms
2022-02-02 09:27:46.757  WARN 5216 --- [o-auto-1-exec-2] .w.s.m.s.DefaultHandlerExceptionResolver : Resolved [org.springframework.web.method.annotation.MethodArgumentTypeMismatchException: Failed to convert value of type 'java.lang.String' to required type 'java.lang.Float'; nested exception is java.lang.NumberFormatException: For input string: "string"]
2022-02-02 09:27:46.986  WARN 5216 --- [o-auto-1-exec-3] .w.s.m.s.DefaultHandlerExceptionResolver : Resolved [org.springframework.web.method.annotation.MethodArgumentTypeMismatchException: Failed to convert value of type 'java.lang.String' to required type 'java.lang.Float'; nested exception is java.lang.NumberFormatException: For input string: "hola"]
]]></system-out>
  <system-err><![CDATA[]]></system-err>
</testsuite>
